2026-01-30 04:59:37,670 [Worker-32] INFO  o.e.m.c.i.i.nexus.NexusIndexManager - Updating index for repository: central|http://repo1.maven.org/maven2
2026-01-30 04:59:38,085 [Worker-32] ERROR o.e.m.c.i.i.nexus.NexusIndexManager - Unable to update index for central|http://repo1.maven.org/maven2
java.io.IOException: Received fatal alert: handshake_failure to https://repo1.maven.org/501-https-required.html
	at org.eclipse.m2e.core.internal.index.nexus.AsyncFetcher$PipedErrorInputStream.checkError(AsyncFetcher.java:253) ~[org.eclipse.m2e.core_1.0.0.20110607-2117.jar:na]
	at org.eclipse.m2e.core.internal.index.nexus.AsyncFetcher$PipedErrorInputStream.read(AsyncFetcher.java:261) ~[org.eclipse.m2e.core_1.0.0.20110607-2117.jar:na]
	at java.io.PipedInputStream.read(PipedInputStream.java:378) ~[na:1.7.0_17]
	at java.io.InputStream.read(InputStream.java:101) ~[na:1.7.0_17]
	at java.util.Properties$LineReader.readLine(Properties.java:434) ~[na:1.7.0_17]
	at java.util.Properties.load0(Properties.java:353) ~[na:1.7.0_17]
	at java.util.Properties.load(Properties.java:341) ~[na:1.7.0_17]
	at org.apache.maven.index.updater.DefaultIndexUpdater.downloadIndexProperties(DefaultIndexUpdater.java:457) ~[indexer-core-3.1.0.jar:3.1.0]
	at org.apache.maven.index.updater.DefaultIndexUpdater.access$100(DefaultIndexUpdater.java:75) ~[indexer-core-3.1.0.jar:3.1.0]
	at org.apache.maven.index.updater.DefaultIndexUpdater$IndexAdaptor.setProperties(DefaultIndexUpdater.java:607) ~[indexer-core-3.1.0.jar:3.1.0]
	at org.apache.maven.index.updater.DefaultIndexUpdater.fetchAndUpdateIndex(DefaultIndexUpdater.java:788) ~[indexer-core-3.1.0.jar:3.1.0]
	at org.apache.maven.index.updater.DefaultIndexUpdater.fetchAndUpdateIndex(DefaultIndexUpdater.java:135) ~[indexer-core-3.1.0.jar:3.1.0]
	at org.eclipse.m2e.core.internal.index.nexus.NexusIndexManager.updateRemoteIndex(NexusIndexManager.java:1124) [org.eclipse.m2e.core_1.0.0.20110607-2117.jar:na]
	at org.eclipse.m2e.core.internal.index.nexus.NexusIndexManager.updateIndex(NexusIndexManager.java:1081) [org.eclipse.m2e.core_1.0.0.20110607-2117.jar:na]
	at org.eclipse.m2e.core.internal.index.nexus.NexusIndexManager$1.run(NexusIndexManager.java:658) [org.eclipse.m2e.core_1.0.0.20110607-2117.jar:na]
	at org.eclipse.m2e.core.internal.index.nexus.IndexUpdaterJob.run(IndexUpdaterJob.java:71) [org.eclipse.m2e.core_1.0.0.20110607-2117.jar:na]
	at org.eclipse.core.internal.jobs.Worker.run(Worker.java:54) [org.eclipse.core.jobs_3.5.100.v20110404.jar:na]
java.net.ConnectException: Received fatal alert: handshake_failure to https://repo1.maven.org/501-https-required.html
	at com.ning.http.client.providers.netty.NettyConnectListener.operationComplete(NettyConnectListener.java:83) ~[na:na]
	at org.jboss.netty.channel.DefaultChannelFuture.notifyListener(DefaultChannelFuture.java:381) ~[na:na]
	at org.jboss.netty.channel.DefaultChannelFuture.notifyListeners(DefaultChannelFuture.java:367) ~[na:na]
	at org.jboss.netty.channel.DefaultChannelFuture.setFailure(DefaultChannelFuture.java:334) ~[na:na]
	at org.jboss.netty.handler.ssl.SslHandler.setHandshakeFailure(SslHandler.java:1031) ~[na:na]
	at org.jboss.netty.handler.ssl.SslHandler.unwrap(SslHandler.java:927) ~[na:na]
	at org.jboss.netty.handler.ssl.SslHandler.decode(SslHandler.java:605) ~[na:na]
	at org.jboss.netty.handler.codec.frame.FrameDecoder.callDecode(FrameDecoder.java:282) ~[na:na]
	at org.jboss.netty.handler.codec.frame.FrameDecoder.messageReceived(FrameDecoder.java:216) ~[na:na]
	at org.jboss.netty.channel.SimpleChannelUpstreamHandler.handleUpstream(SimpleChannelUpstreamHandler.java:80) ~[na:na]
	at org.jboss.netty.channel.DefaultChannelPipeline.sendUpstream(DefaultChannelPipeline.java:545) ~[na:na]
	at org.jboss.netty.channel.DefaultChannelPipeline.sendUpstream(DefaultChannelPipeline.java:540) ~[na:na]
	at org.jboss.netty.channel.Channels.fireMessageReceived(Channels.java:274) ~[na:na]
	at org.jboss.netty.channel.Channels.fireMessageReceived(Channels.java:261) ~[na:na]
	at org.jboss.netty.channel.socket.nio.NioWorker.read(NioWorker.java:349) ~[na:na]
	at org.jboss.netty.channel.socket.nio.NioWorker.processSelectedKeys(NioWorker.java:280) ~[na:na]
	at org.jboss.netty.channel.socket.nio.NioWorker.run(NioWorker.java:200) ~[na:na]
	at org.jboss.netty.util.ThreadRenamingRunnable.run(ThreadRenamingRunnable.java:108) ~[na:na]
	at org.jboss.netty.util.internal.DeadLockProofWorker$1.run(DeadLockProofWorker.java:44) ~[na:na]
	at java.util.concurrent.ThreadPoolExecutor.runWorker(ThreadPoolExecutor.java:1145) ~[na:1.7.0_17]
	at java.util.concurrent.ThreadPoolExecutor$Worker.run(ThreadPoolExecutor.java:615) ~[na:1.7.0_17]
	at java.lang.Thread.run(Thread.java:722) ~[na:1.7.0_17]
Caused by: javax.net.ssl.SSLException: Received fatal alert: handshake_failure
	at sun.security.ssl.Alerts.getSSLException(Alerts.java:208) ~[na:1.7.0_17]
	at sun.security.ssl.SSLEngineImpl.fatal(SSLEngineImpl.java:1619) ~[na:1.7.0_17]
	at sun.security.ssl.SSLEngineImpl.fatal(SSLEngineImpl.java:1587) ~[na:1.7.0_17]
	at sun.security.ssl.SSLEngineImpl.recvAlert(SSLEngineImpl.java:1756) ~[na:1.7.0_17]
	at sun.security.ssl.SSLEngineImpl.readRecord(SSLEngineImpl.java:1060) ~[na:1.7.0_17]
	at sun.security.ssl.SSLEngineImpl.readNetRecord(SSLEngineImpl.java:884) ~[na:1.7.0_17]
	at sun.security.ssl.SSLEngineImpl.unwrap(SSLEngineImpl.java:758) ~[na:1.7.0_17]
	at javax.net.ssl.SSLEngine.unwrap(SSLEngine.java:624) ~[na:1.7.0_17]
	at org.jboss.netty.handler.ssl.SslHandler.unwrap(SslHandler.java:868) ~[na:na]
	at org.jboss.netty.handler.ssl.SslHandler.decode(SslHandler.java:605) ~[na:na]
	at org.jboss.netty.handler.codec.frame.FrameDecoder.callDecode(FrameDecoder.java:282) ~[na:na]
	at org.jboss.netty.handler.codec.frame.FrameDecoder.messageReceived(FrameDecoder.java:216) ~[na:na]
	at org.jboss.netty.channel.Channels.fireMessageReceived(Channels.java:274) ~[na:na]
	at org.jboss.netty.channel.Channels.fireMessageReceived(Channels.java:261) ~[na:na]
	at org.jboss.netty.channel.socket.nio.NioWorker.read(NioWorker.java:349) ~[na:na]
	at org.jboss.netty.channel.socket.nio.NioWorker.processSelectedKeys(NioWorker.java:280) ~[na:na]
	at org.jboss.netty.channel.socket.nio.NioWorker.run(NioWorker.java:200) ~[na:na]
	... 3 common frames omitted
2026-01-30 10:25:17,316 [Worker-16] INFO  o.e.m.c.i.i.nexus.NexusIndexManager - Updating index for repository: central|http://repo1.maven.org/maven2
2026-01-30 10:25:21,386 [Worker-16] ERROR o.e.m.c.i.i.nexus.NexusIndexManager - Unable to update index for central|http://repo1.maven.org/maven2
java.io.IOException: Received fatal alert: handshake_failure to https://repo1.maven.org/501-https-required.html
	at org.eclipse.m2e.core.internal.index.nexus.AsyncFetcher$PipedErrorInputStream.checkError(AsyncFetcher.java:253) ~[org.eclipse.m2e.core_1.0.0.20110607-2117.jar:na]
	at org.eclipse.m2e.core.internal.index.nexus.AsyncFetcher$PipedErrorInputStream.read(AsyncFetcher.java:261) ~[org.eclipse.m2e.core_1.0.0.20110607-2117.jar:na]
	at java.io.PipedInputStream.read(PipedInputStream.java:378) ~[na:1.7.0_17]
	at java.io.InputStream.read(InputStream.java:101) ~[na:1.7.0_17]
	at java.util.Properties$LineReader.readLine(Properties.java:434) ~[na:1.7.0_17]
	at java.util.Properties.load0(Properties.java:353) ~[na:1.7.0_17]
	at java.util.Properties.load(Properties.java:341) ~[na:1.7.0_17]
	at org.apache.maven.index.updater.DefaultIndexUpdater.downloadIndexProperties(DefaultIndexUpdater.java:457) ~[indexer-core-3.1.0.jar:3.1.0]
	at org.apache.maven.index.updater.DefaultIndexUpdater.access$100(DefaultIndexUpdater.java:75) ~[indexer-core-3.1.0.jar:3.1.0]
	at org.apache.maven.index.updater.DefaultIndexUpdater$IndexAdaptor.setProperties(DefaultIndexUpdater.java:607) ~[indexer-core-3.1.0.jar:3.1.0]
	at org.apache.maven.index.updater.DefaultIndexUpdater.fetchAndUpdateIndex(DefaultIndexUpdater.java:788) ~[indexer-core-3.1.0.jar:3.1.0]
	at org.apache.maven.index.updater.DefaultIndexUpdater.fetchAndUpdateIndex(DefaultIndexUpdater.java:135) ~[indexer-core-3.1.0.jar:3.1.0]
	at org.eclipse.m2e.core.internal.index.nexus.NexusIndexManager.updateRemoteIndex(NexusIndexManager.java:1124) [org.eclipse.m2e.core_1.0.0.20110607-2117.jar:na]
	at org.eclipse.m2e.core.internal.index.nexus.NexusIndexManager.updateIndex(NexusIndexManager.java:1081) [org.eclipse.m2e.core_1.0.0.20110607-2117.jar:na]
	at org.eclipse.m2e.core.internal.index.nexus.NexusIndexManager$1.run(NexusIndexManager.java:658) [org.eclipse.m2e.core_1.0.0.20110607-2117.jar:na]
	at org.eclipse.m2e.core.internal.index.nexus.IndexUpdaterJob.run(IndexUpdaterJob.java:71) [org.eclipse.m2e.core_1.0.0.20110607-2117.jar:na]
	at org.eclipse.core.internal.jobs.Worker.run(Worker.java:54) [org.eclipse.core.jobs_3.5.100.v20110404.jar:na]
java.net.ConnectException: Received fatal alert: handshake_failure to https://repo1.maven.org/501-https-required.html
	at com.ning.http.client.providers.netty.NettyConnectListener.operationComplete(NettyConnectListener.java:83) ~[na:na]
	at org.jboss.netty.channel.DefaultChannelFuture.notifyListener(DefaultChannelFuture.java:381) ~[na:na]
	at org.jboss.netty.channel.DefaultChannelFuture.notifyListeners(DefaultChannelFuture.java:367) ~[na:na]
	at org.jboss.netty.channel.DefaultChannelFuture.setFailure(DefaultChannelFuture.java:334) ~[na:na]
	at org.jboss.netty.handler.ssl.SslHandler.setHandshakeFailure(SslHandler.java:1031) ~[na:na]
	at org.jboss.netty.handler.ssl.SslHandler.unwrap(SslHandler.java:927) ~[na:na]
	at org.jboss.netty.handler.ssl.SslHandler.decode(SslHandler.java:605) ~[na:na]
	at org.jboss.netty.handler.codec.frame.FrameDecoder.callDecode(FrameDecoder.java:282) ~[na:na]
	at org.jboss.netty.handler.codec.frame.FrameDecoder.messageReceived(FrameDecoder.java:216) ~[na:na]
	at org.jboss.netty.channel.SimpleChannelUpstreamHandler.handleUpstream(SimpleChannelUpstreamHandler.java:80) ~[na:na]
	at org.jboss.netty.channel.DefaultChannelPipeline.sendUpstream(DefaultChannelPipeline.java:545) ~[na:na]
	at org.jboss.netty.channel.DefaultChannelPipeline.sendUpstream(DefaultChannelPipeline.java:540) ~[na:na]
	at org.jboss.netty.channel.Channels.fireMessageReceived(Channels.java:274) ~[na:na]
	at org.jboss.netty.channel.Channels.fireMessageReceived(Channels.java:261) ~[na:na]
	at org.jboss.netty.channel.socket.nio.NioWorker.read(NioWorker.java:349) ~[na:na]
	at org.jboss.netty.channel.socket.nio.NioWorker.processSelectedKeys(NioWorker.java:280) ~[na:na]
	at org.jboss.netty.channel.socket.nio.NioWorker.run(NioWorker.java:200) ~[na:na]
	at org.jboss.netty.util.ThreadRenamingRunnable.run(ThreadRenamingRunnable.java:108) ~[na:na]
	at org.jboss.netty.util.internal.DeadLockProofWorker$1.run(DeadLockProofWorker.java:44) ~[na:na]
	at java.util.concurrent.ThreadPoolExecutor.runWorker(ThreadPoolExecutor.java:1145) ~[na:1.7.0_17]
	at java.util.concurrent.ThreadPoolExecutor$Worker.run(ThreadPoolExecutor.java:615) ~[na:1.7.0_17]
	at java.lang.Thread.run(Thread.java:722) ~[na:1.7.0_17]
Caused by: javax.net.ssl.SSLException: Received fatal alert: handshake_failure
	at sun.security.ssl.Alerts.getSSLException(Alerts.java:208) ~[na:1.7.0_17]
	at sun.security.ssl.SSLEngineImpl.fatal(SSLEngineImpl.java:1619) ~[na:1.7.0_17]
	at sun.security.ssl.SSLEngineImpl.fatal(SSLEngineImpl.java:1587) ~[na:1.7.0_17]
	at sun.security.ssl.SSLEngineImpl.recvAlert(SSLEngineImpl.java:1756) ~[na:1.7.0_17]
	at sun.security.ssl.SSLEngineImpl.readRecord(SSLEngineImpl.java:1060) ~[na:1.7.0_17]
	at sun.security.ssl.SSLEngineImpl.readNetRecord(SSLEngineImpl.java:884) ~[na:1.7.0_17]
	at sun.security.ssl.SSLEngineImpl.unwrap(SSLEngineImpl.java:758) ~[na:1.7.0_17]
	at javax.net.ssl.SSLEngine.unwrap(SSLEngine.java:624) ~[na:1.7.0_17]
	at org.jboss.netty.handler.ssl.SslHandler.unwrap(SslHandler.java:868) ~[na:na]
	at org.jboss.netty.handler.ssl.SslHandler.decode(SslHandler.java:605) ~[na:na]
	at org.jboss.netty.handler.codec.frame.FrameDecoder.callDecode(FrameDecoder.java:282) ~[na:na]
	at org.jboss.netty.handler.codec.frame.FrameDecoder.messageReceived(FrameDecoder.java:216) ~[na:na]
	at org.jboss.netty.channel.Channels.fireMessageReceived(Channels.java:274) ~[na:na]
	at org.jboss.netty.channel.Channels.fireMessageReceived(Channels.java:261) ~[na:na]
	at org.jboss.netty.channel.socket.nio.NioWorker.read(NioWorker.java:349) ~[na:na]
	at org.jboss.netty.channel.socket.nio.NioWorker.processSelectedKeys(NioWorker.java:280) ~[na:na]
	at org.jboss.netty.channel.socket.nio.NioWorker.run(NioWorker.java:200) ~[na:na]
	... 3 common frames omitted
2026-01-30 14:42:28,586 [Worker-36] INFO  o.e.m.c.i.i.nexus.NexusIndexManager - Updating index for repository: central|http://repo1.maven.org/maven2
2026-01-30 14:42:29,966 [Worker-36] ERROR o.e.m.c.i.i.nexus.NexusIndexManager - Unable to update index for central|http://repo1.maven.org/maven2
java.io.IOException: Received fatal alert: handshake_failure to https://repo1.maven.org/501-https-required.html
	at org.eclipse.m2e.core.internal.index.nexus.AsyncFetcher$PipedErrorInputStream.checkError(AsyncFetcher.java:253) ~[org.eclipse.m2e.core_1.0.0.20110607-2117.jar:na]
	at org.eclipse.m2e.core.internal.index.nexus.AsyncFetcher$PipedErrorInputStream.read(AsyncFetcher.java:261) ~[org.eclipse.m2e.core_1.0.0.20110607-2117.jar:na]
	at java.io.PipedInputStream.read(PipedInputStream.java:378) ~[na:1.7.0_17]
	at java.io.InputStream.read(InputStream.java:101) ~[na:1.7.0_17]
	at java.util.Properties$LineReader.readLine(Properties.java:434) ~[na:1.7.0_17]
	at java.util.Properties.load0(Properties.java:353) ~[na:1.7.0_17]
	at java.util.Properties.load(Properties.java:341) ~[na:1.7.0_17]
	at org.apache.maven.index.updater.DefaultIndexUpdater.downloadIndexProperties(DefaultIndexUpdater.java:457) ~[indexer-core-3.1.0.jar:3.1.0]
	at org.apache.maven.index.updater.DefaultIndexUpdater.access$100(DefaultIndexUpdater.java:75) ~[indexer-core-3.1.0.jar:3.1.0]
	at org.apache.maven.index.updater.DefaultIndexUpdater$IndexAdaptor.setProperties(DefaultIndexUpdater.java:607) ~[indexer-core-3.1.0.jar:3.1.0]
	at org.apache.maven.index.updater.DefaultIndexUpdater.fetchAndUpdateIndex(DefaultIndexUpdater.java:788) ~[indexer-core-3.1.0.jar:3.1.0]
	at org.apache.maven.index.updater.DefaultIndexUpdater.fetchAndUpdateIndex(DefaultIndexUpdater.java:135) ~[indexer-core-3.1.0.jar:3.1.0]
	at org.eclipse.m2e.core.internal.index.nexus.NexusIndexManager.updateRemoteIndex(NexusIndexManager.java:1124) [org.eclipse.m2e.core_1.0.0.20110607-2117.jar:na]
	at org.eclipse.m2e.core.internal.index.nexus.NexusIndexManager.updateIndex(NexusIndexManager.java:1081) [org.eclipse.m2e.core_1.0.0.20110607-2117.jar:na]
	at org.eclipse.m2e.core.internal.index.nexus.NexusIndexManager$1.run(NexusIndexManager.java:658) [org.eclipse.m2e.core_1.0.0.20110607-2117.jar:na]
	at org.eclipse.m2e.core.internal.index.nexus.IndexUpdaterJob.run(IndexUpdaterJob.java:71) [org.eclipse.m2e.core_1.0.0.20110607-2117.jar:na]
	at org.eclipse.core.internal.jobs.Worker.run(Worker.java:54) [org.eclipse.core.jobs_3.5.100.v20110404.jar:na]
java.net.ConnectException: Received fatal alert: handshake_failure to https://repo1.maven.org/501-https-required.html
	at com.ning.http.client.providers.netty.NettyConnectListener.operationComplete(NettyConnectListener.java:83) ~[na:na]
	at org.jboss.netty.channel.DefaultChannelFuture.notifyListener(DefaultChannelFuture.java:381) ~[na:na]
	at org.jboss.netty.channel.DefaultChannelFuture.notifyListeners(DefaultChannelFuture.java:367) ~[na:na]
	at org.jboss.netty.channel.DefaultChannelFuture.setFailure(DefaultChannelFuture.java:334) ~[na:na]
	at org.jboss.netty.handler.ssl.SslHandler.setHandshakeFailure(SslHandler.java:1031) ~[na:na]
	at org.jboss.netty.handler.ssl.SslHandler.unwrap(SslHandler.java:927) ~[na:na]
	at org.jboss.netty.handler.ssl.SslHandler.decode(SslHandler.java:605) ~[na:na]
	at org.jboss.netty.handler.codec.frame.FrameDecoder.callDecode(FrameDecoder.java:282) ~[na:na]
	at org.jboss.netty.handler.codec.frame.FrameDecoder.messageReceived(FrameDecoder.java:216) ~[na:na]
	at org.jboss.netty.channel.SimpleChannelUpstreamHandler.handleUpstream(SimpleChannelUpstreamHandler.java:80) ~[na:na]
	at org.jboss.netty.channel.DefaultChannelPipeline.sendUpstream(DefaultChannelPipeline.java:545) ~[na:na]
	at org.jboss.netty.channel.DefaultChannelPipeline.sendUpstream(DefaultChannelPipeline.java:540) ~[na:na]
	at org.jboss.netty.channel.Channels.fireMessageReceived(Channels.java:274) ~[na:na]
	at org.jboss.netty.channel.Channels.fireMessageReceived(Channels.java:261) ~[na:na]
	at org.jboss.netty.channel.socket.nio.NioWorker.read(NioWorker.java:349) ~[na:na]
	at org.jboss.netty.channel.socket.nio.NioWorker.processSelectedKeys(NioWorker.java:280) ~[na:na]
	at org.jboss.netty.channel.socket.nio.NioWorker.run(NioWorker.java:200) ~[na:na]
	at org.jboss.netty.util.ThreadRenamingRunnable.run(ThreadRenamingRunnable.java:108) ~[na:na]
	at org.jboss.netty.util.internal.DeadLockProofWorker$1.run(DeadLockProofWorker.java:44) ~[na:na]
	at java.util.concurrent.ThreadPoolExecutor.runWorker(ThreadPoolExecutor.java:1145) ~[na:1.7.0_17]
	at java.util.concurrent.ThreadPoolExecutor$Worker.run(ThreadPoolExecutor.java:615) ~[na:1.7.0_17]
	at java.lang.Thread.run(Thread.java:722) ~[na:1.7.0_17]
Caused by: javax.net.ssl.SSLException: Received fatal alert: handshake_failure
	at sun.security.ssl.Alerts.getSSLException(Alerts.java:208) ~[na:1.7.0_17]
	at sun.security.ssl.SSLEngineImpl.fatal(SSLEngineImpl.java:1619) ~[na:1.7.0_17]
	at sun.security.ssl.SSLEngineImpl.fatal(SSLEngineImpl.java:1587) ~[na:1.7.0_17]
	at sun.security.ssl.SSLEngineImpl.recvAlert(SSLEngineImpl.java:1756) ~[na:1.7.0_17]
	at sun.security.ssl.SSLEngineImpl.readRecord(SSLEngineImpl.java:1060) ~[na:1.7.0_17]
	at sun.security.ssl.SSLEngineImpl.readNetRecord(SSLEngineImpl.java:884) ~[na:1.7.0_17]
	at sun.security.ssl.SSLEngineImpl.unwrap(SSLEngineImpl.java:758) ~[na:1.7.0_17]
	at javax.net.ssl.SSLEngine.unwrap(SSLEngine.java:624) ~[na:1.7.0_17]
	at org.jboss.netty.handler.ssl.SslHandler.unwrap(SslHandler.java:868) ~[na:na]
	at org.jboss.netty.handler.ssl.SslHandler.decode(SslHandler.java:605) ~[na:na]
	at org.jboss.netty.handler.codec.frame.FrameDecoder.callDecode(FrameDecoder.java:282) ~[na:na]
	at org.jboss.netty.handler.codec.frame.FrameDecoder.messageReceived(FrameDecoder.java:216) ~[na:na]
	at org.jboss.netty.channel.Channels.fireMessageReceived(Channels.java:274) ~[na:na]
	at org.jboss.netty.channel.Channels.fireMessageReceived(Channels.java:261) ~[na:na]
	at org.jboss.netty.channel.socket.nio.NioWorker.read(NioWorker.java:349) ~[na:na]
	at org.jboss.netty.channel.socket.nio.NioWorker.processSelectedKeys(NioWorker.java:280) ~[na:na]
	at org.jboss.netty.channel.socket.nio.NioWorker.run(NioWorker.java:200) ~[na:na]
	... 3 common frames omitted
